{"uuid":"1fd514c9-9714-46ea-ac62-66da044fbf55","historyId":"b25c8088d70ef0dd65d3fd0cab61cf16","testCaseId":"83ea9123a4196595616ee26d684511c5","fullName":"src/test/resources/features/TC_10_11_12_13_14_15_16_17_18_Require_ Fields_Empty_In_Register.feature:22","labels":[{"name":"host","value":"DESKTOP-R2QN3Q9"},{"name":"thread","value":"6160@DESKTOP-R2QN3Q9.main(1)"},{"name":"feature","value":"Register Panel"},{"name":"story","value":"Kayıt işleminde zorunlu alanların her birinin boş bırakılması sonucunda Agree&Sign-Up butonu disabled olmalı"},{"name":"suite","value":"Register Panel"},{"name":"testClass","value":"Kayıt işleminde zorunlu alanların her birinin boş bırakılması sonucunda Agree&Sign-Up butonu disabled olmalı"},{"name":"framework","value":"cucumber4jvm"},{"name":"language","value":"java"},{"name":"gherkin_uri","value":"file:///E:/test-project/task/güncel/TestProject/src/test/resources/features/TC_10_11_12_13_14_15_16_17_18_Require_%20Fields_Empty_In_Register.feature"},{"name":"package","value":"src.test.resources.features.TC_10_11_12_13_14_15_16_17_18_Require_ Fields_Empty_In_Register_feature.Register Panel"}],"links":[],"name":"Kayıt işleminde zorunlu alanların her birinin boş bırakılması sonucunda Agree&Sign-Up butonu disabled olmalı","status":"broken","statusDetails":{"known":false,"muted":false,"flaky":false,"message":"no such element: Unable to locate element: {\"method\":\"xpath\",\"selector\":\"//nz-option-item\"}\n  (Session info: chrome=133.0.6943.142)\nFor documentation on this error, please visit: https://www.selenium.dev/documentation/webdriver/troubleshooting/errors#no-such-element-exception\nBuild info: version: '4.29.0', revision: '5fc1ec94cb'\nSystem info: os.name: 'Windows 10', os.arch: 'amd64', os.version: '10.0', java.version: '21.0.5'\nDriver info: org.openqa.selenium.chrome.ChromeDriver\nCommand: [09642cb9ffb780a20111e9535b49eeff, findElement {using=xpath, value=//nz-option-item}]\nCapabilities {acceptInsecureCerts: false, browserName: chrome, browserVersion: 133.0.6943.142, chrome: {chromedriverVersion: 133.0.6943.141 (2a5d6da0d61..., userDataDir: C:\\Users\\Asus\\AppData\\Local...}, fedcm:accounts: true, goog:chromeOptions: {debuggerAddress: localhost:56537}, networkConnectionEnabled: false, pageLoadStrategy: normal, platformName: windows, proxy: Proxy(), se:cdp: ws://localhost:56537/devtoo..., se:cdpVersion: 133.0.6943.142, setWindowRect: true, strictFileInteractability: false, timeouts: {implicit: 0, pageLoad: 300000, script: 30000}, unhandledPromptBehavior: dismiss and notify, webauthn:extension:credBlob: true, webauthn:extension:largeBlob: true, webauthn:extension:minPinLength: true, webauthn:extension:prf: true, webauthn:virtualAuthenticators: true}\nSession ID: 09642cb9ffb780a20111e9535b49eeff","trace":"org.openqa.selenium.NoSuchElementException: no such element: Unable to locate element: {\"method\":\"xpath\",\"selector\":\"//nz-option-item\"}\n  (Session info: chrome=133.0.6943.142)\nFor documentation on this error, please visit: https://www.selenium.dev/documentation/webdriver/troubleshooting/errors#no-such-element-exception\nBuild info: version: '4.29.0', revision: '5fc1ec94cb'\nSystem info: os.name: 'Windows 10', os.arch: 'amd64', os.version: '10.0', java.version: '21.0.5'\nDriver info: org.openqa.selenium.chrome.ChromeDriver\nCommand: [09642cb9ffb780a20111e9535b49eeff, findElement {using=xpath, value=//nz-option-item}]\nCapabilities {acceptInsecureCerts: false, browserName: chrome, browserVersion: 133.0.6943.142, chrome: {chromedriverVersion: 133.0.6943.141 (2a5d6da0d61..., userDataDir: C:\\Users\\Asus\\AppData\\Local...}, fedcm:accounts: true, goog:chromeOptions: {debuggerAddress: localhost:56537}, networkConnectionEnabled: false, pageLoadStrategy: normal, platformName: windows, proxy: Proxy(), se:cdp: ws://localhost:56537/devtoo..., se:cdpVersion: 133.0.6943.142, setWindowRect: true, strictFileInteractability: false, timeouts: {implicit: 0, pageLoad: 300000, script: 30000}, unhandledPromptBehavior: dismiss and notify, webauthn:extension:credBlob: true, webauthn:extension:largeBlob: true, webauthn:extension:minPinLength: true, webauthn:extension:prf: true, webauthn:virtualAuthenticators: true}\nSession ID: 09642cb9ffb780a20111e9535b49eeff\r\n\tat java.base/jdk.internal.reflect.DirectConstructorHandleAccessor.newInstance(DirectConstructorHandleAccessor.java:62)\r\n\tat java.base/java.lang.reflect.Constructor.newInstanceWithCaller(Constructor.java:502)\r\n\tat java.base/java.lang.reflect.Constructor.newInstance(Constructor.java:486)\r\n\tat org.openqa.selenium.remote.ErrorCodec.decode(ErrorCodec.java:167)\r\n\tat org.openqa.selenium.remote.codec.w3c.W3CHttpResponseCodec.decode(W3CHttpResponseCodec.java:138)\r\n\tat org.openqa.selenium.remote.codec.w3c.W3CHttpResponseCodec.decode(W3CHttpResponseCodec.java:50)\r\n\tat org.openqa.selenium.remote.HttpCommandExecutor.execute(HttpCommandExecutor.java:215)\r\n\tat org.openqa.selenium.remote.service.DriverCommandExecutor.invokeExecute(DriverCommandExecutor.java:216)\r\n\tat org.openqa.selenium.remote.service.DriverCommandExecutor.execute(DriverCommandExecutor.java:174)\r\n\tat org.openqa.selenium.remote.RemoteWebDriver.execute(RemoteWebDriver.java:545)\r\n\tat org.openqa.selenium.remote.ElementLocation$ElementFinder$2.findElement(ElementLocation.java:165)\r\n\tat org.openqa.selenium.remote.ElementLocation.findElement(ElementLocation.java:59)\r\n\tat org.openqa.selenium.remote.RemoteWebDriver.findElement(RemoteWebDriver.java:368)\r\n\tat org.openqa.selenium.remote.RemoteWebDriver.findElement(RemoteWebDriver.java:362)\r\n\tat step_def.Wrong_email_format_Register_Stepdef.uyelikSayfasındaCountryBolumuneCheckboxSecilir(Wrong_email_format_Register_Stepdef.java:94)\r\n\tat ✽.uyelik sayfasında country bolumune \"\" checkbox secilir(file:///E:/test-project/task/güncel/TestProject/src/test/resources/features/TC_10_11_12_13_14_15_16_17_18_Require_%20Fields_Empty_In_Register.feature:7)\r\n"},"stage":"finished","steps":[{"name":"Given Kayıt ol sayfasına gidilir","status":"passed","statusDetails":{"known":false,"muted":false,"flaky":false},"stage":"finished","steps":[],"attachments":[{"name":"Step Screenshot","source":"add1336f-ecfc-49a3-bea8-381197f7f325-attachment"}],"parameters":[],"start":1740970838023,"stop":1740970843249},{"name":"When uyelik sayfasinda firstName bolumune \"Nur\" girilir","status":"passed","statusDetails":{"known":false,"muted":false,"flaky":false},"stage":"finished","steps":[],"attachments":[{"name":"Step Screenshot","source":"fc0e243f-9e28-42a0-9aa7-0f089b06960f-attachment"}],"parameters":[],"start":1740970843249,"stop":1740970849647},{"name":"And uyelik sayfasinda lastName bolumune \"Test\" girilir","status":"passed","statusDetails":{"known":false,"muted":false,"flaky":false},"stage":"finished","steps":[],"attachments":[{"name":"Step Screenshot","source":"839f59d8-bf52-4f22-9b23-244854096010-attachment"}],"parameters":[],"start":1740970849647,"stop":1740970850970},{"name":"And uyelik sayfasında country bolumune \"\" checkbox secilir","status":"broken","statusDetails":{"known":false,"muted":false,"flaky":false,"message":"no such element: Unable to locate element: {\"method\":\"xpath\",\"selector\":\"//nz-option-item\"}\n  (Session info: chrome=133.0.6943.142)\nFor documentation on this error, please visit: https://www.selenium.dev/documentation/webdriver/troubleshooting/errors#no-such-element-exception\nBuild info: version: '4.29.0', revision: '5fc1ec94cb'\nSystem info: os.name: 'Windows 10', os.arch: 'amd64', os.version: '10.0', java.version: '21.0.5'\nDriver info: org.openqa.selenium.chrome.ChromeDriver\nCommand: [09642cb9ffb780a20111e9535b49eeff, findElement {using=xpath, value=//nz-option-item}]\nCapabilities {acceptInsecureCerts: false, browserName: chrome, browserVersion: 133.0.6943.142, chrome: {chromedriverVersion: 133.0.6943.141 (2a5d6da0d61..., userDataDir: C:\\Users\\Asus\\AppData\\Local...}, fedcm:accounts: true, goog:chromeOptions: {debuggerAddress: localhost:56537}, networkConnectionEnabled: false, pageLoadStrategy: normal, platformName: windows, proxy: Proxy(), se:cdp: ws://localhost:56537/devtoo..., se:cdpVersion: 133.0.6943.142, setWindowRect: true, strictFileInteractability: false, timeouts: {implicit: 0, pageLoad: 300000, script: 30000}, unhandledPromptBehavior: dismiss and notify, webauthn:extension:credBlob: true, webauthn:extension:largeBlob: true, webauthn:extension:minPinLength: true, webauthn:extension:prf: true, webauthn:virtualAuthenticators: true}\nSession ID: 09642cb9ffb780a20111e9535b49eeff","trace":"org.openqa.selenium.NoSuchElementException: no such element: Unable to locate element: {\"method\":\"xpath\",\"selector\":\"//nz-option-item\"}\n  (Session info: chrome=133.0.6943.142)\nFor documentation on this error, please visit: https://www.selenium.dev/documentation/webdriver/troubleshooting/errors#no-such-element-exception\nBuild info: version: '4.29.0', revision: '5fc1ec94cb'\nSystem info: os.name: 'Windows 10', os.arch: 'amd64', os.version: '10.0', java.version: '21.0.5'\nDriver info: org.openqa.selenium.chrome.ChromeDriver\nCommand: [09642cb9ffb780a20111e9535b49eeff, findElement {using=xpath, value=//nz-option-item}]\nCapabilities {acceptInsecureCerts: false, browserName: chrome, browserVersion: 133.0.6943.142, chrome: {chromedriverVersion: 133.0.6943.141 (2a5d6da0d61..., userDataDir: C:\\Users\\Asus\\AppData\\Local...}, fedcm:accounts: true, goog:chromeOptions: {debuggerAddress: localhost:56537}, networkConnectionEnabled: false, pageLoadStrategy: normal, platformName: windows, proxy: Proxy(), se:cdp: ws://localhost:56537/devtoo..., se:cdpVersion: 133.0.6943.142, setWindowRect: true, strictFileInteractability: false, timeouts: {implicit: 0, pageLoad: 300000, script: 30000}, unhandledPromptBehavior: dismiss and notify, webauthn:extension:credBlob: true, webauthn:extension:largeBlob: true, webauthn:extension:minPinLength: true, webauthn:extension:prf: true, webauthn:virtualAuthenticators: true}\nSession ID: 09642cb9ffb780a20111e9535b49eeff\r\n\tat java.base/jdk.internal.reflect.DirectConstructorHandleAccessor.newInstance(DirectConstructorHandleAccessor.java:62)\r\n\tat java.base/java.lang.reflect.Constructor.newInstanceWithCaller(Constructor.java:502)\r\n\tat java.base/java.lang.reflect.Constructor.newInstance(Constructor.java:486)\r\n\tat org.openqa.selenium.remote.ErrorCodec.decode(ErrorCodec.java:167)\r\n\tat org.openqa.selenium.remote.codec.w3c.W3CHttpResponseCodec.decode(W3CHttpResponseCodec.java:138)\r\n\tat org.openqa.selenium.remote.codec.w3c.W3CHttpResponseCodec.decode(W3CHttpResponseCodec.java:50)\r\n\tat org.openqa.selenium.remote.HttpCommandExecutor.execute(HttpCommandExecutor.java:215)\r\n\tat org.openqa.selenium.remote.service.DriverCommandExecutor.invokeExecute(DriverCommandExecutor.java:216)\r\n\tat org.openqa.selenium.remote.service.DriverCommandExecutor.execute(DriverCommandExecutor.java:174)\r\n\tat org.openqa.selenium.remote.RemoteWebDriver.execute(RemoteWebDriver.java:545)\r\n\tat org.openqa.selenium.remote.ElementLocation$ElementFinder$2.findElement(ElementLocation.java:165)\r\n\tat org.openqa.selenium.remote.ElementLocation.findElement(ElementLocation.java:59)\r\n\tat org.openqa.selenium.remote.RemoteWebDriver.findElement(RemoteWebDriver.java:368)\r\n\tat org.openqa.selenium.remote.RemoteWebDriver.findElement(RemoteWebDriver.java:362)\r\n\tat step_def.Wrong_email_format_Register_Stepdef.uyelikSayfasındaCountryBolumuneCheckboxSecilir(Wrong_email_format_Register_Stepdef.java:94)\r\n\tat ✽.uyelik sayfasında country bolumune \"\" checkbox secilir(file:///E:/test-project/task/güncel/TestProject/src/test/resources/features/TC_10_11_12_13_14_15_16_17_18_Require_%20Fields_Empty_In_Register.feature:7)\r\n"},"stage":"finished","steps":[],"attachments":[{"name":"Step Screenshot","source":"25011a03-a808-4298-ac0b-e6f6521a4697-attachment"}],"parameters":[],"start":1740970850970,"stop":1740970853331},{"name":"And uyelik sayfasinda mobileNumber bolumune \"5555555555\" girilir","status":"skipped","statusDetails":{"known":false,"muted":false,"flaky":false},"stage":"finished","steps":[],"attachments":[],"parameters":[],"start":1740970853332,"stop":1740970853334},{"name":"And uyelik sayfasinda company bolumune \"Test Company\" girilir","status":"skipped","statusDetails":{"known":false,"muted":false,"flaky":false},"stage":"finished","steps":[],"attachments":[],"parameters":[],"start":1740970853334,"stop":1740970853334},{"name":"And uyelik sayfasinda email bolumune \"hnk9833@gmail.com\" girilir","status":"skipped","statusDetails":{"known":false,"muted":false,"flaky":false},"stage":"finished","steps":[],"attachments":[],"parameters":[],"start":1740970853334,"stop":1740970853335},{"name":"And uyelik sayfasinda title bolumune \"Logistic Manager\" checkbox secilir","status":"skipped","statusDetails":{"known":false,"muted":false,"flaky":false},"stage":"finished","steps":[],"attachments":[],"parameters":[],"start":1740970853335,"stop":1740970853335},{"name":"And KVKK onaylanmalı","status":"skipped","statusDetails":{"known":false,"muted":false,"flaky":false},"stage":"finished","steps":[],"attachments":[],"parameters":[],"start":1740970853335,"stop":1740970853335},{"name":"And uyelik sayfasinda password bolumune \"Pass123!\" girilir","status":"skipped","statusDetails":{"known":false,"muted":false,"flaky":false},"stage":"finished","steps":[],"attachments":[],"parameters":[],"start":1740970853335,"stop":1740970853336},{"name":"And uyelik sayfasinda confirmPassword bolumune \"Pass123!\" girilir","status":"skipped","statusDetails":{"known":false,"muted":false,"flaky":false},"stage":"finished","steps":[],"attachments":[],"parameters":[],"start":1740970853336,"stop":1740970853336}],"attachments":[],"parameters":[{"name":"firstName","value":"Nur"},{"name":"lastName","value":"Test"},{"name":"country","value":""},{"name":"mobileNumber","value":"5555555555"},{"name":"company","value":"Test Company"},{"name":"email","value":"hnk9833@gmail.com"},{"name":"title","value":"Logistic Manager"},{"name":"password","value":"Pass123!"},{"name":"confirmPassword","value":"Pass123!"}],"start":1740970837354,"stop":1740970853348}