{"uuid":"79dc665f-4136-472a-a7f0-44d9ab73c23e","historyId":"b1a446fbd12ca99dfbdf97da0c5d7192","testCaseId":"83ea9123a4196595616ee26d684511c5","fullName":"src/test/resources/features/TC_10_11_12_13_14_15_16_17_18_Require_ Fields_Empty_In_Register.feature:20","labels":[{"name":"host","value":"DESKTOP-R2QN3Q9"},{"name":"thread","value":"11800@DESKTOP-R2QN3Q9.main(1)"},{"name":"feature","value":"Register Panel"},{"name":"story","value":"Kayıt işleminde zorunlu alanların her birinin boş bırakılması sonucunda Agree&Sign-Up butonu disabled olmalı"},{"name":"suite","value":"Register Panel"},{"name":"testClass","value":"Kayıt işleminde zorunlu alanların her birinin boş bırakılması sonucunda Agree&Sign-Up butonu disabled olmalı"},{"name":"framework","value":"cucumber4jvm"},{"name":"language","value":"java"},{"name":"gherkin_uri","value":"file:///E:/test-project/task/güncel/TestProject/src/test/resources/features/TC_10_11_12_13_14_15_16_17_18_Require_%20Fields_Empty_In_Register.feature"},{"name":"package","value":"src.test.resources.features.TC_10_11_12_13_14_15_16_17_18_Require_ Fields_Empty_In_Register_feature.Register Panel"}],"links":[],"name":"Kayıt işleminde zorunlu alanların her birinin boş bırakılması sonucunda Agree&Sign-Up butonu disabled olmalı","status":"broken","statusDetails":{"known":false,"muted":false,"flaky":false,"message":"no such window: target window already closed\nfrom unknown error: web view not found\n  (Session info: chrome=133.0.6943.142)\nBuild info: version: '4.29.0', revision: '5fc1ec94cb'\nSystem info: os.name: 'Windows 10', os.arch: 'amd64', os.version: '10.0', java.version: '21.0.5'\nDriver info: org.openqa.selenium.chrome.ChromeDriver\nCommand: [8b4f7d5096a773bc7755229cacd80fd4, screenshot {}]\nCapabilities {acceptInsecureCerts: false, browserName: chrome, browserVersion: 133.0.6943.142, chrome: {chromedriverVersion: 133.0.6943.141 (2a5d6da0d61..., userDataDir: C:\\Users\\Asus\\AppData\\Local...}, fedcm:accounts: true, goog:chromeOptions: {debuggerAddress: localhost:64180}, networkConnectionEnabled: false, pageLoadStrategy: normal, platformName: windows, proxy: Proxy(), se:cdp: ws://localhost:64180/devtoo..., se:cdpVersion: 133.0.6943.142, setWindowRect: true, strictFileInteractability: false, timeouts: {implicit: 0, pageLoad: 300000, script: 30000}, unhandledPromptBehavior: dismiss and notify, webauthn:extension:credBlob: true, webauthn:extension:largeBlob: true, webauthn:extension:minPinLength: true, webauthn:extension:prf: true, webauthn:virtualAuthenticators: true}\nSession ID: 8b4f7d5096a773bc7755229cacd80fd4","trace":"org.openqa.selenium.NoSuchWindowException: no such window: target window already closed\nfrom unknown error: web view not found\n  (Session info: chrome=133.0.6943.142)\nBuild info: version: '4.29.0', revision: '5fc1ec94cb'\nSystem info: os.name: 'Windows 10', os.arch: 'amd64', os.version: '10.0', java.version: '21.0.5'\nDriver info: org.openqa.selenium.chrome.ChromeDriver\nCommand: [8b4f7d5096a773bc7755229cacd80fd4, screenshot {}]\nCapabilities {acceptInsecureCerts: false, browserName: chrome, browserVersion: 133.0.6943.142, chrome: {chromedriverVersion: 133.0.6943.141 (2a5d6da0d61..., userDataDir: C:\\Users\\Asus\\AppData\\Local...}, fedcm:accounts: true, goog:chromeOptions: {debuggerAddress: localhost:64180}, networkConnectionEnabled: false, pageLoadStrategy: normal, platformName: windows, proxy: Proxy(), se:cdp: ws://localhost:64180/devtoo..., se:cdpVersion: 133.0.6943.142, setWindowRect: true, strictFileInteractability: false, timeouts: {implicit: 0, pageLoad: 300000, script: 30000}, unhandledPromptBehavior: dismiss and notify, webauthn:extension:credBlob: true, webauthn:extension:largeBlob: true, webauthn:extension:minPinLength: true, webauthn:extension:prf: true, webauthn:virtualAuthenticators: true}\nSession ID: 8b4f7d5096a773bc7755229cacd80fd4\r\n\tat java.base/jdk.internal.reflect.DirectConstructorHandleAccessor.newInstance(DirectConstructorHandleAccessor.java:62)\r\n\tat java.base/java.lang.reflect.Constructor.newInstanceWithCaller(Constructor.java:502)\r\n\tat java.base/java.lang.reflect.Constructor.newInstance(Constructor.java:486)\r\n\tat org.openqa.selenium.remote.ErrorCodec.decode(ErrorCodec.java:167)\r\n\tat org.openqa.selenium.remote.codec.w3c.W3CHttpResponseCodec.decode(W3CHttpResponseCodec.java:138)\r\n\tat org.openqa.selenium.remote.codec.w3c.W3CHttpResponseCodec.decode(W3CHttpResponseCodec.java:50)\r\n\tat org.openqa.selenium.remote.HttpCommandExecutor.execute(HttpCommandExecutor.java:215)\r\n\tat org.openqa.selenium.remote.service.DriverCommandExecutor.invokeExecute(DriverCommandExecutor.java:216)\r\n\tat org.openqa.selenium.remote.service.DriverCommandExecutor.execute(DriverCommandExecutor.java:174)\r\n\tat org.openqa.selenium.remote.RemoteWebDriver.execute(RemoteWebDriver.java:545)\r\n\tat org.openqa.selenium.remote.RemoteWebDriver.execute(RemoteWebDriver.java:618)\r\n\tat org.openqa.selenium.remote.RemoteWebDriver.execute(RemoteWebDriver.java:622)\r\n\tat org.openqa.selenium.remote.RemoteWebDriver.getScreenshotAs(RemoteWebDriver.java:334)\r\n\tat utils.SeleniumHelper.screenshot(SeleniumHelper.java:69)\r\n\tat step_def.Wrong_email_format_Register_Stepdef.uyelik_sayfasinda_company_bolumune_girilir(Wrong_email_format_Register_Stepdef.java:50)\r\n\tat ✽.uyelik sayfasinda company bolumune \"Test Company\" girilir(file:///E:/test-project/task/güncel/TestProject/src/test/resources/features/TC_10_11_12_13_14_15_16_17_18_Require_%20Fields_Empty_In_Register.feature:9)\r\n"},"stage":"finished","steps":[{"name":"Given Kayıt ol sayfasına gidilir","status":"passed","statusDetails":{"known":false,"muted":false,"flaky":false},"stage":"finished","steps":[],"attachments":[{"name":"Step Screenshot","source":"1cf3a417-78ee-4b13-851a-9b08c87f5d75-attachment"}],"parameters":[],"start":1740972814795,"stop":1740972820698},{"name":"When uyelik sayfasinda firstName bolumune \"\" girilir","status":"passed","statusDetails":{"known":false,"muted":false,"flaky":false},"stage":"finished","steps":[],"attachments":[{"name":"Step Screenshot","source":"d22f1bed-f3a5-4859-b02f-e0034ff0525b-attachment"}],"parameters":[],"start":1740972820699,"stop":1740972827102},{"name":"And uyelik sayfasinda lastName bolumune \"Test\" girilir","status":"passed","statusDetails":{"known":false,"muted":false,"flaky":false},"stage":"finished","steps":[],"attachments":[{"name":"Step Screenshot","source":"68be51a3-55a1-4d27-b5d7-4f344e0a3065-attachment"}],"parameters":[],"start":1740972827102,"stop":1740972828471},{"name":"And uyelik sayfasında country bolumune \"+90\" checkbox secilir","status":"passed","statusDetails":{"known":false,"muted":false,"flaky":false},"stage":"finished","steps":[],"attachments":[{"name":"Step Screenshot","source":"b2640fd0-ea6b-493c-a965-197484c355d8-attachment"}],"parameters":[],"start":1740972828471,"stop":1740972831083},{"name":"And uyelik sayfasinda mobileNumber bolumune \"5555555555\" girilir","status":"passed","statusDetails":{"known":false,"muted":false,"flaky":false},"stage":"finished","steps":[],"attachments":[{"name":"Step Screenshot","source":"e0691bd7-1046-4cb0-9143-75b1d8e696d4-attachment"}],"parameters":[],"start":1740972831083,"stop":1740972832472},{"name":"And uyelik sayfasinda company bolumune \"Test Company\" girilir","status":"broken","statusDetails":{"known":false,"muted":false,"flaky":false,"message":"no such window: target window already closed\nfrom unknown error: web view not found\n  (Session info: chrome=133.0.6943.142)\nBuild info: version: '4.29.0', revision: '5fc1ec94cb'\nSystem info: os.name: 'Windows 10', os.arch: 'amd64', os.version: '10.0', java.version: '21.0.5'\nDriver info: org.openqa.selenium.chrome.ChromeDriver\nCommand: [8b4f7d5096a773bc7755229cacd80fd4, screenshot {}]\nCapabilities {acceptInsecureCerts: false, browserName: chrome, browserVersion: 133.0.6943.142, chrome: {chromedriverVersion: 133.0.6943.141 (2a5d6da0d61..., userDataDir: C:\\Users\\Asus\\AppData\\Local...}, fedcm:accounts: true, goog:chromeOptions: {debuggerAddress: localhost:64180}, networkConnectionEnabled: false, pageLoadStrategy: normal, platformName: windows, proxy: Proxy(), se:cdp: ws://localhost:64180/devtoo..., se:cdpVersion: 133.0.6943.142, setWindowRect: true, strictFileInteractability: false, timeouts: {implicit: 0, pageLoad: 300000, script: 30000}, unhandledPromptBehavior: dismiss and notify, webauthn:extension:credBlob: true, webauthn:extension:largeBlob: true, webauthn:extension:minPinLength: true, webauthn:extension:prf: true, webauthn:virtualAuthenticators: true}\nSession ID: 8b4f7d5096a773bc7755229cacd80fd4","trace":"org.openqa.selenium.NoSuchWindowException: no such window: target window already closed\nfrom unknown error: web view not found\n  (Session info: chrome=133.0.6943.142)\nBuild info: version: '4.29.0', revision: '5fc1ec94cb'\nSystem info: os.name: 'Windows 10', os.arch: 'amd64', os.version: '10.0', java.version: '21.0.5'\nDriver info: org.openqa.selenium.chrome.ChromeDriver\nCommand: [8b4f7d5096a773bc7755229cacd80fd4, screenshot {}]\nCapabilities {acceptInsecureCerts: false, browserName: chrome, browserVersion: 133.0.6943.142, chrome: {chromedriverVersion: 133.0.6943.141 (2a5d6da0d61..., userDataDir: C:\\Users\\Asus\\AppData\\Local...}, fedcm:accounts: true, goog:chromeOptions: {debuggerAddress: localhost:64180}, networkConnectionEnabled: false, pageLoadStrategy: normal, platformName: windows, proxy: Proxy(), se:cdp: ws://localhost:64180/devtoo..., se:cdpVersion: 133.0.6943.142, setWindowRect: true, strictFileInteractability: false, timeouts: {implicit: 0, pageLoad: 300000, script: 30000}, unhandledPromptBehavior: dismiss and notify, webauthn:extension:credBlob: true, webauthn:extension:largeBlob: true, webauthn:extension:minPinLength: true, webauthn:extension:prf: true, webauthn:virtualAuthenticators: true}\nSession ID: 8b4f7d5096a773bc7755229cacd80fd4\r\n\tat java.base/jdk.internal.reflect.DirectConstructorHandleAccessor.newInstance(DirectConstructorHandleAccessor.java:62)\r\n\tat java.base/java.lang.reflect.Constructor.newInstanceWithCaller(Constructor.java:502)\r\n\tat java.base/java.lang.reflect.Constructor.newInstance(Constructor.java:486)\r\n\tat org.openqa.selenium.remote.ErrorCodec.decode(ErrorCodec.java:167)\r\n\tat org.openqa.selenium.remote.codec.w3c.W3CHttpResponseCodec.decode(W3CHttpResponseCodec.java:138)\r\n\tat org.openqa.selenium.remote.codec.w3c.W3CHttpResponseCodec.decode(W3CHttpResponseCodec.java:50)\r\n\tat org.openqa.selenium.remote.HttpCommandExecutor.execute(HttpCommandExecutor.java:215)\r\n\tat org.openqa.selenium.remote.service.DriverCommandExecutor.invokeExecute(DriverCommandExecutor.java:216)\r\n\tat org.openqa.selenium.remote.service.DriverCommandExecutor.execute(DriverCommandExecutor.java:174)\r\n\tat org.openqa.selenium.remote.RemoteWebDriver.execute(RemoteWebDriver.java:545)\r\n\tat org.openqa.selenium.remote.RemoteWebDriver.execute(RemoteWebDriver.java:618)\r\n\tat org.openqa.selenium.remote.RemoteWebDriver.execute(RemoteWebDriver.java:622)\r\n\tat org.openqa.selenium.remote.RemoteWebDriver.getScreenshotAs(RemoteWebDriver.java:334)\r\n\tat utils.SeleniumHelper.screenshot(SeleniumHelper.java:69)\r\n\tat step_def.Wrong_email_format_Register_Stepdef.uyelik_sayfasinda_company_bolumune_girilir(Wrong_email_format_Register_Stepdef.java:50)\r\n\tat ✽.uyelik sayfasinda company bolumune \"Test Company\" girilir(file:///E:/test-project/task/güncel/TestProject/src/test/resources/features/TC_10_11_12_13_14_15_16_17_18_Require_%20Fields_Empty_In_Register.feature:9)\r\n"},"stage":"finished","steps":[],"attachments":[],"parameters":[],"start":1740972832472,"stop":1740972832668},{"name":"And uyelik sayfasinda email bolumune \"hnk9833@gmail.com\" girilir","status":"skipped","statusDetails":{"known":false,"muted":false,"flaky":false},"stage":"finished","steps":[],"attachments":[],"parameters":[],"start":1740972832668,"stop":1740972832668},{"name":"And uyelik sayfasinda title bolumune \"Logistic Manager\" checkbox secilir","status":"skipped","statusDetails":{"known":false,"muted":false,"flaky":false},"stage":"finished","steps":[],"attachments":[],"parameters":[],"start":1740972832668,"stop":1740972832668},{"name":"And KVKK onaylanmalı","status":"skipped","statusDetails":{"known":false,"muted":false,"flaky":false},"stage":"finished","steps":[],"attachments":[],"parameters":[],"start":1740972832668,"stop":1740972832668},{"name":"And uyelik sayfasinda password bolumune \"Pass123!\" girilir","status":"skipped","statusDetails":{"known":false,"muted":false,"flaky":false},"stage":"finished","steps":[],"attachments":[],"parameters":[],"start":1740972832668,"stop":1740972832668},{"name":"And uyelik sayfasinda confirmPassword bolumune \"Pass123!\" girilir","status":"skipped","statusDetails":{"known":false,"muted":false,"flaky":false},"stage":"finished","steps":[],"attachments":[],"parameters":[],"start":1740972832668,"stop":1740972832668}],"attachments":[],"parameters":[{"name":"firstName","value":""},{"name":"lastName","value":"Test"},{"name":"country","value":"+90"},{"name":"mobileNumber","value":"5555555555"},{"name":"company","value":"Test Company"},{"name":"email","value":"hnk9833@gmail.com"},{"name":"title","value":"Logistic Manager"},{"name":"password","value":"Pass123!"},{"name":"confirmPassword","value":"Pass123!"}],"start":1740972809057,"stop":1740972832703}