{"uuid":"7a73b575-6279-4ea7-b15f-8f8b7906ae2c","historyId":"217d2acf9280032de197b6ec0cfacb3d","testCaseId":"83ea9123a4196595616ee26d684511c5","fullName":"src/test/resources/features/TC_10_11_12_13_14_15_16_17_18_Require_ Fields_Empty_In_Register.feature:26","labels":[{"name":"host","value":"DESKTOP-R2QN3Q9"},{"name":"thread","value":"6160@DESKTOP-R2QN3Q9.main(1)"},{"name":"feature","value":"Register Panel"},{"name":"story","value":"Kayıt işleminde zorunlu alanların her birinin boş bırakılması sonucunda Agree&Sign-Up butonu disabled olmalı"},{"name":"suite","value":"Register Panel"},{"name":"testClass","value":"Kayıt işleminde zorunlu alanların her birinin boş bırakılması sonucunda Agree&Sign-Up butonu disabled olmalı"},{"name":"framework","value":"cucumber4jvm"},{"name":"language","value":"java"},{"name":"gherkin_uri","value":"file:///E:/test-project/task/güncel/TestProject/src/test/resources/features/TC_10_11_12_13_14_15_16_17_18_Require_%20Fields_Empty_In_Register.feature"},{"name":"package","value":"src.test.resources.features.TC_10_11_12_13_14_15_16_17_18_Require_ Fields_Empty_In_Register_feature.Register Panel"}],"links":[],"name":"Kayıt işleminde zorunlu alanların her birinin boş bırakılması sonucunda Agree&Sign-Up butonu disabled olmalı","status":"broken","statusDetails":{"known":false,"muted":false,"flaky":false,"message":"no such element: Unable to locate element: {\"method\":\"xpath\",\"selector\":\"//nz-option-item\"}\n  (Session info: chrome=133.0.6943.142)\nFor documentation on this error, please visit: https://www.selenium.dev/documentation/webdriver/troubleshooting/errors#no-such-element-exception\nBuild info: version: '4.29.0', revision: '5fc1ec94cb'\nSystem info: os.name: 'Windows 10', os.arch: 'amd64', os.version: '10.0', java.version: '21.0.5'\nDriver info: org.openqa.selenium.chrome.ChromeDriver\nCommand: [09642cb9ffb780a20111e9535b49eeff, findElement {using=xpath, value=//nz-option-item}]\nCapabilities {acceptInsecureCerts: false, browserName: chrome, browserVersion: 133.0.6943.142, chrome: {chromedriverVersion: 133.0.6943.141 (2a5d6da0d61..., userDataDir: C:\\Users\\Asus\\AppData\\Local...}, fedcm:accounts: true, goog:chromeOptions: {debuggerAddress: localhost:56537}, networkConnectionEnabled: false, pageLoadStrategy: normal, platformName: windows, proxy: Proxy(), se:cdp: ws://localhost:56537/devtoo..., se:cdpVersion: 133.0.6943.142, setWindowRect: true, strictFileInteractability: false, timeouts: {implicit: 0, pageLoad: 300000, script: 30000}, unhandledPromptBehavior: dismiss and notify, webauthn:extension:credBlob: true, webauthn:extension:largeBlob: true, webauthn:extension:minPinLength: true, webauthn:extension:prf: true, webauthn:virtualAuthenticators: true}\nSession ID: 09642cb9ffb780a20111e9535b49eeff","trace":"org.openqa.selenium.NoSuchElementException: no such element: Unable to locate element: {\"method\":\"xpath\",\"selector\":\"//nz-option-item\"}\n  (Session info: chrome=133.0.6943.142)\nFor documentation on this error, please visit: https://www.selenium.dev/documentation/webdriver/troubleshooting/errors#no-such-element-exception\nBuild info: version: '4.29.0', revision: '5fc1ec94cb'\nSystem info: os.name: 'Windows 10', os.arch: 'amd64', os.version: '10.0', java.version: '21.0.5'\nDriver info: org.openqa.selenium.chrome.ChromeDriver\nCommand: [09642cb9ffb780a20111e9535b49eeff, findElement {using=xpath, value=//nz-option-item}]\nCapabilities {acceptInsecureCerts: false, browserName: chrome, browserVersion: 133.0.6943.142, chrome: {chromedriverVersion: 133.0.6943.141 (2a5d6da0d61..., userDataDir: C:\\Users\\Asus\\AppData\\Local...}, fedcm:accounts: true, goog:chromeOptions: {debuggerAddress: localhost:56537}, networkConnectionEnabled: false, pageLoadStrategy: normal, platformName: windows, proxy: Proxy(), se:cdp: ws://localhost:56537/devtoo..., se:cdpVersion: 133.0.6943.142, setWindowRect: true, strictFileInteractability: false, timeouts: {implicit: 0, pageLoad: 300000, script: 30000}, unhandledPromptBehavior: dismiss and notify, webauthn:extension:credBlob: true, webauthn:extension:largeBlob: true, webauthn:extension:minPinLength: true, webauthn:extension:prf: true, webauthn:virtualAuthenticators: true}\nSession ID: 09642cb9ffb780a20111e9535b49eeff\r\n\tat java.base/jdk.internal.reflect.DirectConstructorHandleAccessor.newInstance(DirectConstructorHandleAccessor.java:62)\r\n\tat java.base/java.lang.reflect.Constructor.newInstanceWithCaller(Constructor.java:502)\r\n\tat java.base/java.lang.reflect.Constructor.newInstance(Constructor.java:486)\r\n\tat org.openqa.selenium.remote.ErrorCodec.decode(ErrorCodec.java:167)\r\n\tat org.openqa.selenium.remote.codec.w3c.W3CHttpResponseCodec.decode(W3CHttpResponseCodec.java:138)\r\n\tat org.openqa.selenium.remote.codec.w3c.W3CHttpResponseCodec.decode(W3CHttpResponseCodec.java:50)\r\n\tat org.openqa.selenium.remote.HttpCommandExecutor.execute(HttpCommandExecutor.java:215)\r\n\tat org.openqa.selenium.remote.service.DriverCommandExecutor.invokeExecute(DriverCommandExecutor.java:216)\r\n\tat org.openqa.selenium.remote.service.DriverCommandExecutor.execute(DriverCommandExecutor.java:174)\r\n\tat org.openqa.selenium.remote.RemoteWebDriver.execute(RemoteWebDriver.java:545)\r\n\tat org.openqa.selenium.remote.ElementLocation$ElementFinder$2.findElement(ElementLocation.java:165)\r\n\tat org.openqa.selenium.remote.ElementLocation.findElement(ElementLocation.java:59)\r\n\tat org.openqa.selenium.remote.RemoteWebDriver.findElement(RemoteWebDriver.java:368)\r\n\tat org.openqa.selenium.remote.RemoteWebDriver.findElement(RemoteWebDriver.java:362)\r\n\tat step_def.Wrong_email_format_Register_Stepdef.uyelikSayfasindaTitleBolumuneCheckboxSecilir(Wrong_email_format_Register_Stepdef.java:103)\r\n\tat ✽.uyelik sayfasinda title bolumune \"\" checkbox secilir(file:///E:/test-project/task/güncel/TestProject/src/test/resources/features/TC_10_11_12_13_14_15_16_17_18_Require_%20Fields_Empty_In_Register.feature:11)\r\n"},"stage":"finished","steps":[{"name":"Given Kayıt ol sayfasına gidilir","status":"passed","statusDetails":{"known":false,"muted":false,"flaky":false},"stage":"finished","steps":[],"attachments":[{"name":"Step Screenshot","source":"bc0ed919-e96c-4afc-9a9c-afb5755305a8-attachment"}],"parameters":[],"start":1740970965308,"stop":1740970970558},{"name":"When uyelik sayfasinda firstName bolumune \"Nur\" girilir","status":"passed","statusDetails":{"known":false,"muted":false,"flaky":false},"stage":"finished","steps":[],"attachments":[{"name":"Step Screenshot","source":"578b65ad-cdfc-4ce6-9058-20d081d3ce40-attachment"}],"parameters":[],"start":1740970970558,"stop":1740970976933},{"name":"And uyelik sayfasinda lastName bolumune \"Test\" girilir","status":"passed","statusDetails":{"known":false,"muted":false,"flaky":false},"stage":"finished","steps":[],"attachments":[{"name":"Step Screenshot","source":"17e61c1b-2f3d-48fc-a02c-7de2be72c069-attachment"}],"parameters":[],"start":1740970976933,"stop":1740970978315},{"name":"And uyelik sayfasında country bolumune \"+90\" checkbox secilir","status":"passed","statusDetails":{"known":false,"muted":false,"flaky":false},"stage":"finished","steps":[],"attachments":[{"name":"Step Screenshot","source":"310e50fe-d385-4415-bedf-fd74880df5a4-attachment"}],"parameters":[],"start":1740970978315,"stop":1740970980830},{"name":"And uyelik sayfasinda mobileNumber bolumune \"5555555555\" girilir","status":"passed","statusDetails":{"known":false,"muted":false,"flaky":false},"stage":"finished","steps":[],"attachments":[{"name":"Step Screenshot","source":"f630e8cc-0c1f-4973-948a-531a8e150d77-attachment"}],"parameters":[],"start":1740970980830,"stop":1740970982206},{"name":"And uyelik sayfasinda company bolumune \"Test Company\" girilir","status":"passed","statusDetails":{"known":false,"muted":false,"flaky":false},"stage":"finished","steps":[],"attachments":[{"name":"Step Screenshot","source":"4e86b822-6297-4224-93df-3a1ccb9c7b5a-attachment"}],"parameters":[],"start":1740970982206,"stop":1740970983576},{"name":"And uyelik sayfasinda email bolumune \"hnk9833@gmail.com\" girilir","status":"passed","statusDetails":{"known":false,"muted":false,"flaky":false},"stage":"finished","steps":[],"attachments":[{"name":"Step Screenshot","source":"a5c56b03-c77a-4604-98d9-a43c73a35d20-attachment"}],"parameters":[],"start":1740970983576,"stop":1740970984052},{"name":"And uyelik sayfasinda title bolumune \"\" checkbox secilir","status":"broken","statusDetails":{"known":false,"muted":false,"flaky":false,"message":"no such element: Unable to locate element: {\"method\":\"xpath\",\"selector\":\"//nz-option-item\"}\n  (Session info: chrome=133.0.6943.142)\nFor documentation on this error, please visit: https://www.selenium.dev/documentation/webdriver/troubleshooting/errors#no-such-element-exception\nBuild info: version: '4.29.0', revision: '5fc1ec94cb'\nSystem info: os.name: 'Windows 10', os.arch: 'amd64', os.version: '10.0', java.version: '21.0.5'\nDriver info: org.openqa.selenium.chrome.ChromeDriver\nCommand: [09642cb9ffb780a20111e9535b49eeff, findElement {using=xpath, value=//nz-option-item}]\nCapabilities {acceptInsecureCerts: false, browserName: chrome, browserVersion: 133.0.6943.142, chrome: {chromedriverVersion: 133.0.6943.141 (2a5d6da0d61..., userDataDir: C:\\Users\\Asus\\AppData\\Local...}, fedcm:accounts: true, goog:chromeOptions: {debuggerAddress: localhost:56537}, networkConnectionEnabled: false, pageLoadStrategy: normal, platformName: windows, proxy: Proxy(), se:cdp: ws://localhost:56537/devtoo..., se:cdpVersion: 133.0.6943.142, setWindowRect: true, strictFileInteractability: false, timeouts: {implicit: 0, pageLoad: 300000, script: 30000}, unhandledPromptBehavior: dismiss and notify, webauthn:extension:credBlob: true, webauthn:extension:largeBlob: true, webauthn:extension:minPinLength: true, webauthn:extension:prf: true, webauthn:virtualAuthenticators: true}\nSession ID: 09642cb9ffb780a20111e9535b49eeff","trace":"org.openqa.selenium.NoSuchElementException: no such element: Unable to locate element: {\"method\":\"xpath\",\"selector\":\"//nz-option-item\"}\n  (Session info: chrome=133.0.6943.142)\nFor documentation on this error, please visit: https://www.selenium.dev/documentation/webdriver/troubleshooting/errors#no-such-element-exception\nBuild info: version: '4.29.0', revision: '5fc1ec94cb'\nSystem info: os.name: 'Windows 10', os.arch: 'amd64', os.version: '10.0', java.version: '21.0.5'\nDriver info: org.openqa.selenium.chrome.ChromeDriver\nCommand: [09642cb9ffb780a20111e9535b49eeff, findElement {using=xpath, value=//nz-option-item}]\nCapabilities {acceptInsecureCerts: false, browserName: chrome, browserVersion: 133.0.6943.142, chrome: {chromedriverVersion: 133.0.6943.141 (2a5d6da0d61..., userDataDir: C:\\Users\\Asus\\AppData\\Local...}, fedcm:accounts: true, goog:chromeOptions: {debuggerAddress: localhost:56537}, networkConnectionEnabled: false, pageLoadStrategy: normal, platformName: windows, proxy: Proxy(), se:cdp: ws://localhost:56537/devtoo..., se:cdpVersion: 133.0.6943.142, setWindowRect: true, strictFileInteractability: false, timeouts: {implicit: 0, pageLoad: 300000, script: 30000}, unhandledPromptBehavior: dismiss and notify, webauthn:extension:credBlob: true, webauthn:extension:largeBlob: true, webauthn:extension:minPinLength: true, webauthn:extension:prf: true, webauthn:virtualAuthenticators: true}\nSession ID: 09642cb9ffb780a20111e9535b49eeff\r\n\tat java.base/jdk.internal.reflect.DirectConstructorHandleAccessor.newInstance(DirectConstructorHandleAccessor.java:62)\r\n\tat java.base/java.lang.reflect.Constructor.newInstanceWithCaller(Constructor.java:502)\r\n\tat java.base/java.lang.reflect.Constructor.newInstance(Constructor.java:486)\r\n\tat org.openqa.selenium.remote.ErrorCodec.decode(ErrorCodec.java:167)\r\n\tat org.openqa.selenium.remote.codec.w3c.W3CHttpResponseCodec.decode(W3CHttpResponseCodec.java:138)\r\n\tat org.openqa.selenium.remote.codec.w3c.W3CHttpResponseCodec.decode(W3CHttpResponseCodec.java:50)\r\n\tat org.openqa.selenium.remote.HttpCommandExecutor.execute(HttpCommandExecutor.java:215)\r\n\tat org.openqa.selenium.remote.service.DriverCommandExecutor.invokeExecute(DriverCommandExecutor.java:216)\r\n\tat org.openqa.selenium.remote.service.DriverCommandExecutor.execute(DriverCommandExecutor.java:174)\r\n\tat org.openqa.selenium.remote.RemoteWebDriver.execute(RemoteWebDriver.java:545)\r\n\tat org.openqa.selenium.remote.ElementLocation$ElementFinder$2.findElement(ElementLocation.java:165)\r\n\tat org.openqa.selenium.remote.ElementLocation.findElement(ElementLocation.java:59)\r\n\tat org.openqa.selenium.remote.RemoteWebDriver.findElement(RemoteWebDriver.java:368)\r\n\tat org.openqa.selenium.remote.RemoteWebDriver.findElement(RemoteWebDriver.java:362)\r\n\tat step_def.Wrong_email_format_Register_Stepdef.uyelikSayfasindaTitleBolumuneCheckboxSecilir(Wrong_email_format_Register_Stepdef.java:103)\r\n\tat ✽.uyelik sayfasinda title bolumune \"\" checkbox secilir(file:///E:/test-project/task/güncel/TestProject/src/test/resources/features/TC_10_11_12_13_14_15_16_17_18_Require_%20Fields_Empty_In_Register.feature:11)\r\n"},"stage":"finished","steps":[],"attachments":[{"name":"Step Screenshot","source":"b248ea6b-c68c-4eb6-abab-9d3d3190a35d-attachment"}],"parameters":[],"start":1740970984052,"stop":1740970986368},{"name":"And KVKK onaylanmalı","status":"skipped","statusDetails":{"known":false,"muted":false,"flaky":false},"stage":"finished","steps":[],"attachments":[],"parameters":[],"start":1740970986368,"stop":1740970986369},{"name":"And uyelik sayfasinda password bolumune \"Pass123!\" girilir","status":"skipped","statusDetails":{"known":false,"muted":false,"flaky":false},"stage":"finished","steps":[],"attachments":[],"parameters":[],"start":1740970986369,"stop":1740970986369},{"name":"And uyelik sayfasinda confirmPassword bolumune \"Pass123!\" girilir","status":"skipped","statusDetails":{"known":false,"muted":false,"flaky":false},"stage":"finished","steps":[],"attachments":[],"parameters":[],"start":1740970986369,"stop":1740970986369}],"attachments":[],"parameters":[{"name":"firstName","value":"Nur"},{"name":"lastName","value":"Test"},{"name":"country","value":"+90"},{"name":"mobileNumber","value":"5555555555"},{"name":"company","value":"Test Company"},{"name":"email","value":"hnk9833@gmail.com"},{"name":"title","value":""},{"name":"password","value":"Pass123!"},{"name":"confirmPassword","value":"Pass123!"}],"start":1740970964742,"stop":1740970986372}