{"uuid":"c3b87fac-89ff-4028-9cc3-4b35edf535fc","historyId":"4758cda98938d2a3a700e88a78fff50c","testCaseId":"378ae863f8c5df21d41b0ff9fc66afd9","fullName":"src/test/resources/features/TC_20_Recorded_Email_Validation_Register.feature:23","labels":[{"name":"host","value":"DESKTOP-R2QN3Q9"},{"name":"thread","value":"6160@DESKTOP-R2QN3Q9.main(1)"},{"name":"feature","value":"Register Panel"},{"name":"story","value":"Kayıt işleminde önceden kayıt olunmuş e-mail ile tekrar kayıt olunmaya çalışılması durumunda Bu e-posta zaten bir hesapla ilişkilendirilmiş. Lütfen farklı bir e-posta kullanın veya giriş yapın uyarısını vermeli"},{"name":"suite","value":"Register Panel"},{"name":"testClass","value":"Kayıt işleminde önceden kayıt olunmuş e-mail ile tekrar kayıt olunmaya çalışılması durumunda Bu e-posta zaten bir hesapla ilişkilendirilmiş. Lütfen farklı bir e-posta kullanın veya giriş yapın uyarısını vermeli"},{"name":"framework","value":"cucumber4jvm"},{"name":"language","value":"java"},{"name":"gherkin_uri","value":"file:///E:/test-project/task/güncel/TestProject/src/test/resources/features/TC_20_Recorded_Email_Validation_Register.feature"},{"name":"package","value":"src.test.resources.features.TC_20_Recorded_Email_Validation_Register_feature.Register Panel"}],"links":[],"name":"Kayıt işleminde önceden kayıt olunmuş e-mail ile tekrar kayıt olunmaya çalışılması durumunda Bu e-posta zaten bir hesapla ilişkilendirilmiş. Lütfen farklı bir e-posta kullanın veya giriş yapın uyarısını vermeli","status":"broken","statusDetails":{"known":false,"muted":false,"flaky":false,"message":"no such element: Unable to locate element: {\"method\":\"xpath\",\"selector\":\"//div[contains(text(), 'This email is already associated with an account. Please use a different email or login')]\"}\n  (Session info: chrome=133.0.6943.142)\nFor documentation on this error, please visit: https://www.selenium.dev/documentation/webdriver/troubleshooting/errors#no-such-element-exception\nBuild info: version: '4.29.0', revision: '5fc1ec94cb'\nSystem info: os.name: 'Windows 10', os.arch: 'amd64', os.version: '10.0', java.version: '21.0.5'\nDriver info: org.openqa.selenium.chrome.ChromeDriver\nCommand: [09642cb9ffb780a20111e9535b49eeff, findElement {using=xpath, value=//div[contains(text(), 'This email is already associated with an account. Please use a different email or login')]}]\nCapabilities {acceptInsecureCerts: false, browserName: chrome, browserVersion: 133.0.6943.142, chrome: {chromedriverVersion: 133.0.6943.141 (2a5d6da0d61..., userDataDir: C:\\Users\\Asus\\AppData\\Local...}, fedcm:accounts: true, goog:chromeOptions: {debuggerAddress: localhost:56537}, networkConnectionEnabled: false, pageLoadStrategy: normal, platformName: windows, proxy: Proxy(), se:cdp: ws://localhost:56537/devtoo..., se:cdpVersion: 133.0.6943.142, setWindowRect: true, strictFileInteractability: false, timeouts: {implicit: 0, pageLoad: 300000, script: 30000}, unhandledPromptBehavior: dismiss and notify, webauthn:extension:credBlob: true, webauthn:extension:largeBlob: true, webauthn:extension:minPinLength: true, webauthn:extension:prf: true, webauthn:virtualAuthenticators: true}\nSession ID: 09642cb9ffb780a20111e9535b49eeff","trace":"org.openqa.selenium.NoSuchElementException: no such element: Unable to locate element: {\"method\":\"xpath\",\"selector\":\"//div[contains(text(), 'This email is already associated with an account. Please use a different email or login')]\"}\n  (Session info: chrome=133.0.6943.142)\nFor documentation on this error, please visit: https://www.selenium.dev/documentation/webdriver/troubleshooting/errors#no-such-element-exception\nBuild info: version: '4.29.0', revision: '5fc1ec94cb'\nSystem info: os.name: 'Windows 10', os.arch: 'amd64', os.version: '10.0', java.version: '21.0.5'\nDriver info: org.openqa.selenium.chrome.ChromeDriver\nCommand: [09642cb9ffb780a20111e9535b49eeff, findElement {using=xpath, value=//div[contains(text(), 'This email is already associated with an account. Please use a different email or login')]}]\nCapabilities {acceptInsecureCerts: false, browserName: chrome, browserVersion: 133.0.6943.142, chrome: {chromedriverVersion: 133.0.6943.141 (2a5d6da0d61..., userDataDir: C:\\Users\\Asus\\AppData\\Local...}, fedcm:accounts: true, goog:chromeOptions: {debuggerAddress: localhost:56537}, networkConnectionEnabled: false, pageLoadStrategy: normal, platformName: windows, proxy: Proxy(), se:cdp: ws://localhost:56537/devtoo..., se:cdpVersion: 133.0.6943.142, setWindowRect: true, strictFileInteractability: false, timeouts: {implicit: 0, pageLoad: 300000, script: 30000}, unhandledPromptBehavior: dismiss and notify, webauthn:extension:credBlob: true, webauthn:extension:largeBlob: true, webauthn:extension:minPinLength: true, webauthn:extension:prf: true, webauthn:virtualAuthenticators: true}\nSession ID: 09642cb9ffb780a20111e9535b49eeff\r\n\tat java.base/jdk.internal.reflect.DirectConstructorHandleAccessor.newInstance(DirectConstructorHandleAccessor.java:62)\r\n\tat java.base/java.lang.reflect.Constructor.newInstanceWithCaller(Constructor.java:502)\r\n\tat java.base/java.lang.reflect.Constructor.newInstance(Constructor.java:486)\r\n\tat org.openqa.selenium.remote.ErrorCodec.decode(ErrorCodec.java:167)\r\n\tat org.openqa.selenium.remote.codec.w3c.W3CHttpResponseCodec.decode(W3CHttpResponseCodec.java:138)\r\n\tat org.openqa.selenium.remote.codec.w3c.W3CHttpResponseCodec.decode(W3CHttpResponseCodec.java:50)\r\n\tat org.openqa.selenium.remote.HttpCommandExecutor.execute(HttpCommandExecutor.java:215)\r\n\tat org.openqa.selenium.remote.service.DriverCommandExecutor.invokeExecute(DriverCommandExecutor.java:216)\r\n\tat org.openqa.selenium.remote.service.DriverCommandExecutor.execute(DriverCommandExecutor.java:174)\r\n\tat org.openqa.selenium.remote.RemoteWebDriver.execute(RemoteWebDriver.java:545)\r\n\tat org.openqa.selenium.remote.ElementLocation$ElementFinder$2.findElement(ElementLocation.java:165)\r\n\tat org.openqa.selenium.remote.ElementLocation.findElement(ElementLocation.java:59)\r\n\tat org.openqa.selenium.remote.RemoteWebDriver.findElement(RemoteWebDriver.java:368)\r\n\tat org.openqa.selenium.remote.RemoteWebDriver.findElement(RemoteWebDriver.java:362)\r\n\tat org.openqa.selenium.support.pagefactory.DefaultElementLocator.findElement(DefaultElementLocator.java:68)\r\n\tat org.openqa.selenium.support.pagefactory.internal.LocatingElementHandler.invoke(LocatingElementHandler.java:38)\r\n\tat jdk.proxy2/jdk.proxy2.$Proxy22.isDisplayed(Unknown Source)\r\n\tat step_def.Recorded_Email_Validation_Register_Stepdef.buEPostaZatenBirHesaplaIlişkilendirilmişUyarısınıVermeli(Recorded_Email_Validation_Register_Stepdef.java:15)\r\n\tat ✽.Bu e-posta zaten bir hesapla ilişkilendirilmiş. uyarısını vermeli(file:///E:/test-project/task/güncel/TestProject/src/test/resources/features/TC_20_Recorded_Email_Validation_Register.feature:16)\r\n"},"stage":"finished","steps":[{"name":"Given Kayıt ol sayfasına gidilir","status":"passed","statusDetails":{"known":false,"muted":false,"flaky":false},"stage":"finished","steps":[],"attachments":[{"name":"Step Screenshot","source":"4fbe4c6b-0905-42f1-8343-10ae7233524e-attachment"}],"parameters":[],"start":1740971129945,"stop":1740971135180},{"name":"When uyelik sayfasinda firstName bolumune \"Nur\" girilir","status":"passed","statusDetails":{"known":false,"muted":false,"flaky":false},"stage":"finished","steps":[],"attachments":[{"name":"Step Screenshot","source":"868090d1-5ef1-4f65-a7a3-6cba36a31954-attachment"}],"parameters":[],"start":1740971135180,"stop":1740971141514},{"name":"And uyelik sayfasinda lastName bolumune \"Test\" girilir","status":"passed","statusDetails":{"known":false,"muted":false,"flaky":false},"stage":"finished","steps":[],"attachments":[{"name":"Step Screenshot","source":"c63d2bd1-0938-4151-8341-6f2f1a906c45-attachment"}],"parameters":[],"start":1740971141514,"stop":1740971142861},{"name":"And uyelik sayfasında country bolumune \"+90\" checkbox secilir","status":"passed","statusDetails":{"known":false,"muted":false,"flaky":false},"stage":"finished","steps":[],"attachments":[{"name":"Step Screenshot","source":"0a70e2bc-040f-4406-a7f1-c92a13ac6e8b-attachment"}],"parameters":[],"start":1740971142861,"stop":1740971145337},{"name":"And uyelik sayfasinda mobileNumber bolumune \"5555555555\" girilir","status":"passed","statusDetails":{"known":false,"muted":false,"flaky":false},"stage":"finished","steps":[],"attachments":[{"name":"Step Screenshot","source":"88e5ef28-cfd7-4576-8669-99585f9860fb-attachment"}],"parameters":[],"start":1740971145337,"stop":1740971146685},{"name":"And uyelik sayfasinda company bolumune \"Test Company\" girilir","status":"passed","statusDetails":{"known":false,"muted":false,"flaky":false},"stage":"finished","steps":[],"attachments":[{"name":"Step Screenshot","source":"d080962c-a778-4076-8ee9-e4b2b0180f95-attachment"}],"parameters":[],"start":1740971146685,"stop":1740971148009},{"name":"And uyelik sayfasinda email bolumune \"testnur9@gmail.com\" girilir","status":"passed","statusDetails":{"known":false,"muted":false,"flaky":false},"stage":"finished","steps":[],"attachments":[{"name":"Step Screenshot","source":"1f7776c1-cb31-49df-9e7e-6be595cd06a4-attachment"}],"parameters":[],"start":1740971148009,"stop":1740971148354},{"name":"And uyelik sayfasinda title bolumune \"Logistic Manager\" checkbox secilir","status":"passed","statusDetails":{"known":false,"muted":false,"flaky":false},"stage":"finished","steps":[],"attachments":[{"name":"Step Screenshot","source":"3a4ba9e3-4005-4893-8063-2b12050b9460-attachment"}],"parameters":[],"start":1740971148354,"stop":1740971150822},{"name":"And uyelik sayfasinda password bolumune \"Pass123!\" girilir","status":"passed","statusDetails":{"known":false,"muted":false,"flaky":false},"stage":"finished","steps":[],"attachments":[{"name":"Step Screenshot","source":"1e9d6a1e-4af4-4854-a64c-16a62a94c78b-attachment"}],"parameters":[],"start":1740971150822,"stop":1740971152175},{"name":"And uyelik sayfasinda confirmPassword bolumune \"Pass123!\" girilir","status":"passed","statusDetails":{"known":false,"muted":false,"flaky":false},"stage":"finished","steps":[],"attachments":[{"name":"Step Screenshot","source":"fb1fcd57-7137-4056-89f1-ecfef7a55369-attachment"}],"parameters":[],"start":1740971152175,"stop":1740971153511},{"name":"And KVKK onaylanmalı","status":"passed","statusDetails":{"known":false,"muted":false,"flaky":false},"stage":"finished","steps":[],"attachments":[{"name":"Step Screenshot","source":"0b212c9e-91c9-4ee3-97a4-b77cd4623ccc-attachment"},{"name":"Step Screenshot","source":"ff8828bf-d311-483a-be7e-96765956ff32-attachment"}],"parameters":[],"start":1740971153511,"stop":1740971166182},{"name":"And Agree&Sign-Up butonu tıkla","status":"passed","statusDetails":{"known":false,"muted":false,"flaky":false},"stage":"finished","steps":[],"attachments":[{"name":"Step Screenshot","source":"f09ccdbf-6990-4061-a39a-9de77aa3c5c2-attachment"}],"parameters":[],"start":1740971166182,"stop":1740971169499},{"name":"Then Bu e-posta zaten bir hesapla ilişkilendirilmiş. uyarısını vermeli","status":"broken","statusDetails":{"known":false,"muted":false,"flaky":false,"message":"no such element: Unable to locate element: {\"method\":\"xpath\",\"selector\":\"//div[contains(text(), 'This email is already associated with an account. Please use a different email or login')]\"}\n  (Session info: chrome=133.0.6943.142)\nFor documentation on this error, please visit: https://www.selenium.dev/documentation/webdriver/troubleshooting/errors#no-such-element-exception\nBuild info: version: '4.29.0', revision: '5fc1ec94cb'\nSystem info: os.name: 'Windows 10', os.arch: 'amd64', os.version: '10.0', java.version: '21.0.5'\nDriver info: org.openqa.selenium.chrome.ChromeDriver\nCommand: [09642cb9ffb780a20111e9535b49eeff, findElement {using=xpath, value=//div[contains(text(), 'This email is already associated with an account. Please use a different email or login')]}]\nCapabilities {acceptInsecureCerts: false, browserName: chrome, browserVersion: 133.0.6943.142, chrome: {chromedriverVersion: 133.0.6943.141 (2a5d6da0d61..., userDataDir: C:\\Users\\Asus\\AppData\\Local...}, fedcm:accounts: true, goog:chromeOptions: {debuggerAddress: localhost:56537}, networkConnectionEnabled: false, pageLoadStrategy: normal, platformName: windows, proxy: Proxy(), se:cdp: ws://localhost:56537/devtoo..., se:cdpVersion: 133.0.6943.142, setWindowRect: true, strictFileInteractability: false, timeouts: {implicit: 0, pageLoad: 300000, script: 30000}, unhandledPromptBehavior: dismiss and notify, webauthn:extension:credBlob: true, webauthn:extension:largeBlob: true, webauthn:extension:minPinLength: true, webauthn:extension:prf: true, webauthn:virtualAuthenticators: true}\nSession ID: 09642cb9ffb780a20111e9535b49eeff","trace":"org.openqa.selenium.NoSuchElementException: no such element: Unable to locate element: {\"method\":\"xpath\",\"selector\":\"//div[contains(text(), 'This email is already associated with an account. Please use a different email or login')]\"}\n  (Session info: chrome=133.0.6943.142)\nFor documentation on this error, please visit: https://www.selenium.dev/documentation/webdriver/troubleshooting/errors#no-such-element-exception\nBuild info: version: '4.29.0', revision: '5fc1ec94cb'\nSystem info: os.name: 'Windows 10', os.arch: 'amd64', os.version: '10.0', java.version: '21.0.5'\nDriver info: org.openqa.selenium.chrome.ChromeDriver\nCommand: [09642cb9ffb780a20111e9535b49eeff, findElement {using=xpath, value=//div[contains(text(), 'This email is already associated with an account. Please use a different email or login')]}]\nCapabilities {acceptInsecureCerts: false, browserName: chrome, browserVersion: 133.0.6943.142, chrome: {chromedriverVersion: 133.0.6943.141 (2a5d6da0d61..., userDataDir: C:\\Users\\Asus\\AppData\\Local...}, fedcm:accounts: true, goog:chromeOptions: {debuggerAddress: localhost:56537}, networkConnectionEnabled: false, pageLoadStrategy: normal, platformName: windows, proxy: Proxy(), se:cdp: ws://localhost:56537/devtoo..., se:cdpVersion: 133.0.6943.142, setWindowRect: true, strictFileInteractability: false, timeouts: {implicit: 0, pageLoad: 300000, script: 30000}, unhandledPromptBehavior: dismiss and notify, webauthn:extension:credBlob: true, webauthn:extension:largeBlob: true, webauthn:extension:minPinLength: true, webauthn:extension:prf: true, webauthn:virtualAuthenticators: true}\nSession ID: 09642cb9ffb780a20111e9535b49eeff\r\n\tat java.base/jdk.internal.reflect.DirectConstructorHandleAccessor.newInstance(DirectConstructorHandleAccessor.java:62)\r\n\tat java.base/java.lang.reflect.Constructor.newInstanceWithCaller(Constructor.java:502)\r\n\tat java.base/java.lang.reflect.Constructor.newInstance(Constructor.java:486)\r\n\tat org.openqa.selenium.remote.ErrorCodec.decode(ErrorCodec.java:167)\r\n\tat org.openqa.selenium.remote.codec.w3c.W3CHttpResponseCodec.decode(W3CHttpResponseCodec.java:138)\r\n\tat org.openqa.selenium.remote.codec.w3c.W3CHttpResponseCodec.decode(W3CHttpResponseCodec.java:50)\r\n\tat org.openqa.selenium.remote.HttpCommandExecutor.execute(HttpCommandExecutor.java:215)\r\n\tat org.openqa.selenium.remote.service.DriverCommandExecutor.invokeExecute(DriverCommandExecutor.java:216)\r\n\tat org.openqa.selenium.remote.service.DriverCommandExecutor.execute(DriverCommandExecutor.java:174)\r\n\tat org.openqa.selenium.remote.RemoteWebDriver.execute(RemoteWebDriver.java:545)\r\n\tat org.openqa.selenium.remote.ElementLocation$ElementFinder$2.findElement(ElementLocation.java:165)\r\n\tat org.openqa.selenium.remote.ElementLocation.findElement(ElementLocation.java:59)\r\n\tat org.openqa.selenium.remote.RemoteWebDriver.findElement(RemoteWebDriver.java:368)\r\n\tat org.openqa.selenium.remote.RemoteWebDriver.findElement(RemoteWebDriver.java:362)\r\n\tat org.openqa.selenium.support.pagefactory.DefaultElementLocator.findElement(DefaultElementLocator.java:68)\r\n\tat org.openqa.selenium.support.pagefactory.internal.LocatingElementHandler.invoke(LocatingElementHandler.java:38)\r\n\tat jdk.proxy2/jdk.proxy2.$Proxy22.isDisplayed(Unknown Source)\r\n\tat step_def.Recorded_Email_Validation_Register_Stepdef.buEPostaZatenBirHesaplaIlişkilendirilmişUyarısınıVermeli(Recorded_Email_Validation_Register_Stepdef.java:15)\r\n\tat ✽.Bu e-posta zaten bir hesapla ilişkilendirilmiş. uyarısını vermeli(file:///E:/test-project/task/güncel/TestProject/src/test/resources/features/TC_20_Recorded_Email_Validation_Register.feature:16)\r\n"},"stage":"finished","steps":[],"attachments":[],"parameters":[],"start":1740971169499,"stop":1740971170526}],"attachments":[],"parameters":[{"name":"firstName","value":"Nur"},{"name":"lastName","value":"Test"},{"name":"country","value":"+90"},{"name":"mobileNumber","value":"5555555555"},{"name":"company","value":"Test Company"},{"name":"email","value":"testnur9@gmail.com"},{"name":"title","value":"Logistic Manager"},{"name":"password","value":"Pass123!"},{"name":"confirmPassword","value":"Pass123!"}],"start":1740971129303,"stop":1740971170529}